{"/Users/jlu/gitrepos/html/toy-api/server.js": {"path":"/Users/jlu/gitrepos/html/toy-api/server.js","statementMap":{"0":{"start":{"line":2,"column":11},"end":{"line":2,"column":26}},"1":{"start":{"line":3,"column":10},"end":{"line":3,"column":14}},"2":{"start":{"line":6,"column":11},"end":{"line":6,"column":15}},"3":{"start":{"line":8,"column":13},"end":{"line":15,"column":2}},"4":{"start":{"line":9,"column":11},"end":{"line":13,"column":2}},"5":{"start":{"line":14,"column":4},"end":{"line":14,"column":43}}},"fnMap":{"0":{"name":"(anonymous_0)","decl":{"start":{"line":8,"column":32},"end":{"line":8,"column":33}},"loc":{"start":{"line":8,"column":59},"end":{"line":15,"column":1}}}},"branchMap":{},"s":{"0":1,"1":1,"2":1,"3":1,"4":0,"5":0},"f":{"0":0},"b":{},"_coverageSchema":"332fd63041d2c1bcb487cc26dd0d5f7d97098a6c","hash":"62c2dde0a39d78b3413c63f771764ae96a19b346"}
}
